Using pre-set license
Built from '2020.3/staging' branch; Version is '2020.3.10f1 (297d780c91bc) revision 2719096'; Using compiler version '192528614'; Build Type 'Release'
OS: 'Windows 10 Home; OS build 19043.1288; Version 2009; 64bit' Language: 'nl' Physical Memory: 16150 MB
BatchMode: 1, IsHumanControllingUs: 0, StartBugReporterOnCrash: 0, Is64bit: 1, IsPro: 0

 COMMAND LINE ARGUMENTS:
C:\Program Files\Unity\Hub\Editor\2020.3.6f1\Editor\Unity.exe
-adb2
-batchMode
-noUpm
-name
AssetImportWorker0
-projectPath
C:/Users/marti/OneDrive/Documenten/GitHub/Potion the game/Potion
-logFile
Logs/AssetImportWorker0.log
-srvPort
62819
Successfully changed project path to: C:/Users/marti/OneDrive/Documenten/GitHub/Potion the game/Potion
C:/Users/marti/OneDrive/Documenten/GitHub/Potion the game/Potion
Using Asset Import Pipeline V2.
Refreshing native plugins compatible for Editor in 26.06 ms, found 2 plugins.
Preloading 0 native plugins for Editor in 0.00 ms.
Initialize engine version: 2020.3.10f1 (297d780c91bc)
[Subsystems] Discovering subsystems at path C:/Program Files/Unity/Hub/Editor/2020.3.6f1/Editor/Data/Resources/UnitySubsystems
[Subsystems] Discovering subsystems at path C:/Users/marti/OneDrive/Documenten/GitHub/Potion the game/Potion/Assets
GfxDevice: creating device client; threaded=0
Direct3D:
    Version:  Direct3D 11.0 [level 11.1]
    Renderer: NVIDIA GeForce RTX 2060 (ID=0x1f15)
    Vendor:   
    VRAM:     5980 MB
    Driver:   27.21.14.6280
Initialize mono
Mono path[0] = 'C:/Program Files/Unity/Hub/Editor/2020.3.6f1/Editor/Data/Managed'
Mono path[1] = 'C:/Program Files/Unity/Hub/Editor/2020.3.6f1/Editor/Data/MonoBleedingEdge/lib/mono/unityjit'
Mono config path = 'C:/Program Files/Unity/Hub/Editor/2020.3.6f1/Editor/Data/MonoBleedingEdge/etc'
Using monoOptions --debugger-agent=transport=dt_socket,embedding=1,server=y,suspend=n,address=127.0.0.1:56976
Begin MonoManager ReloadAssembly
Registering precompiled unity dll's ...
Register platform support module: C:/Program Files/Unity/Hub/Editor/2020.3.6f1/Editor/Data/PlaybackEngines/WindowsStandaloneSupport/UnityEditor.WindowsStandalone.Extensions.dll
Registered in 0.001845 seconds.
Native extension for WindowsStandalone target not found
Refreshing native plugins compatible for Editor in 24.91 ms, found 2 plugins.
Preloading 0 native plugins for Editor in 0.00 ms.
Mono: successfully reloaded assembly
- Completed reload, in  0.894 seconds
Platform modules already initialized, skipping
Registering precompiled user dll's ...
Registered in 0.003516 seconds.
Begin MonoManager ReloadAssembly
Native extension for WindowsStandalone target not found
Refreshing native plugins compatible for Editor in 0.26 ms, found 2 plugins.
Preloading 0 native plugins for Editor in 0.00 ms.
Mono: successfully reloaded assembly
- Completed reload, in  0.853 seconds
Platform modules already initialized, skipping
========================================================================
Worker process is ready to serve import requests
Launched and connected shader compiler UnityShaderCompiler.exe after 0.04 seconds
Refreshing native plugins compatible for Editor in 0.26 ms, found 2 plugins.
Preloading 0 native plugins for Editor in 0.00 ms.
Unloading 1437 Unused Serialized files (Serialized files now loaded: 0)
System memory in use before: 86.8 MB.
System memory in use after: 86.9 MB.

Unloading 18 unused Assets to reduce memory usage. Loaded Objects now: 1900.
Total: 1.542500 ms (FindLiveObjects: 0.136000 ms CreateObjectMapping: 0.040800 ms MarkObjects: 1.300200 ms  DeleteObjects: 0.064800 ms)

========================================================================
Received Import Request.
  path: Assets/Tests/Editor/NavMeshComponentsTestsEditmode.asmdef
  artifactKey: Guid(794824b4a8f003f47a92875e8342f790) Importer(815301076,1909f56bfc062723c751e8b465ee728b)
Start importing Assets/Tests/Editor/NavMeshComponentsTestsEditmode.asmdef using Guid(794824b4a8f003f47a92875e8342f790) Importer(815301076,1909f56bfc062723c751e8b465ee728b)  -> (artifact id: '3b457c40cb8ccd351c0811710150f1bd') in 0.018683 seconds
  Import took 0.020467 seconds .

========================================================================
Received Import Request.
  Time since last request: 0.000323 seconds.
  path: Assets/Tests/Editor
  artifactKey: Guid(276ab4071255d9f49931e6a8373248e1) Importer(815301076,1909f56bfc062723c751e8b465ee728b)
Start importing Assets/Tests/Editor using Guid(276ab4071255d9f49931e6a8373248e1) Importer(815301076,1909f56bfc062723c751e8b465ee728b)  -> (artifact id: '88d8aaf58f5297b9a3fdaafb49d375c4') in 0.001151 seconds
  Import took 0.002674 seconds .

AssetImportWorkerClient::OnTransportError - code=2 error=End of file
