Using pre-set license
Built from '2021.1/staging' branch; Version is '2021.1.3f1 (4bef613afd59) revision 4976481'; Using compiler version '192528614'; Build Type 'Release'
OS: 'Windows 10 Home; OS build 19043.1288; Version 2009; 64bit' Language: 'de' Physical Memory: 16307 MB
BatchMode: 1, IsHumanControllingUs: 0, StartBugReporterOnCrash: 0, Is64bit: 1, IsPro: 0

 COMMAND LINE ARGUMENTS:
C:\Program Files\Unity\Hub\Editor\2021.1.3f1\Editor\Unity.exe
-adb2
-batchMode
-noUpm
-name
AssetImportWorker0
-projectPath
C:/Users/Evin/Documents/GitHub/Potion/Potion
-logFile
Logs/AssetImportWorker0.log
-srvPort
49516
Successfully changed project path to: C:/Users/Evin/Documents/GitHub/Potion/Potion
C:/Users/Evin/Documents/GitHub/Potion/Potion
Using Asset Import Pipeline V2.
Refreshing native plugins compatible for Editor in 31.30 ms, found 2 plugins.
Preloading 0 native plugins for Editor in 0.00 ms.
Initialize engine version: 2021.1.3f1 (4bef613afd59)
[Subsystems] Discovering subsystems at path C:/Program Files/Unity/Hub/Editor/2021.1.3f1/Editor/Data/Resources/UnitySubsystems
[Subsystems] Discovering subsystems at path C:/Users/Evin/Documents/GitHub/Potion/Potion/Assets
GfxDevice: creating device client; threaded=0; jobified=0
Direct3D:
    Version:  Direct3D 11.0 [level 11.1]
    Renderer: NVIDIA GeForce RTX 2070 SUPER (ID=0x1e84)
    Vendor:   NVIDIA
    VRAM:     8011 MB
    Driver:   30.0.14.7212
Initialize mono
Mono path[0] = 'C:/Program Files/Unity/Hub/Editor/2021.1.3f1/Editor/Data/Managed'
Mono path[1] = 'C:/Program Files/Unity/Hub/Editor/2021.1.3f1/Editor/Data/MonoBleedingEdge/lib/mono/unityjit'
Mono config path = 'C:/Program Files/Unity/Hub/Editor/2021.1.3f1/Editor/Data/MonoBleedingEdge/etc'
Using monoOptions --debugger-agent=transport=dt_socket,embedding=1,server=y,suspend=n,address=127.0.0.1:56332
Begin MonoManager ReloadAssembly
Registering precompiled unity dll's ...
Register platform support module: C:/Program Files/Unity/Hub/Editor/2021.1.3f1/Editor/Data/PlaybackEngines/WindowsStandaloneSupport/UnityEditor.WindowsStandalone.Extensions.dll
Registered in 0.003175 seconds.
Native extension for WindowsStandalone target not found
Refreshing native plugins compatible for Editor in 26.62 ms, found 2 plugins.
Preloading 0 native plugins for Editor in 0.00 ms.
Mono: successfully reloaded assembly
- Completed reload, in  2.743 seconds
Platform modules already initialized, skipping
Registering precompiled user dll's ...
Registered in 0.009756 seconds.
Begin MonoManager ReloadAssembly
Native extension for WindowsStandalone target not found
Refreshing native plugins compatible for Editor in 0.26 ms, found 2 plugins.
Preloading 0 native plugins for Editor in 0.00 ms.
Mono: successfully reloaded assembly
- Completed reload, in  0.949 seconds
Platform modules already initialized, skipping
========================================================================
Worker process is ready to serve import requests
Launched and connected shader compiler UnityShaderCompiler.exe after 0.06 seconds
Refreshing native plugins compatible for Editor in 0.37 ms, found 2 plugins.
Preloading 0 native plugins for Editor in 0.00 ms.
Unloading 1451 Unused Serialized files (Serialized files now loaded: 0)
System memory in use before: 87.7 MB.
System memory in use after: 87.7 MB.

Unloading 18 unused Assets to reduce memory usage. Loaded Objects now: 1930.
Total: 2.494200 ms (FindLiveObjects: 0.300800 ms CreateObjectMapping: 0.112500 ms MarkObjects: 1.995400 ms  DeleteObjects: 0.084100 ms)

========================================================================
Received Import Request.
  path: Assets/Scenes
  artifactKey: Guid(93cd69c29aa58104f99f8f2f313c1129) Importer(815301076,1909f56bfc062723c751e8b465ee728b)
Start importing Assets/Scenes using Guid(93cd69c29aa58104f99f8f2f313c1129) Importer(815301076,1909f56bfc062723c751e8b465ee728b)  -> (artifact id: 'b1ccce7925d4042f70d91b0d39e5b394') in 0.004877 seconds 
========================================================================
Received Import Request.
  Time since last request: 0.000302 seconds.
  path: Assets/Scenes/SampleScene.unity
  artifactKey: Guid(9fc0d4010bbf28b4594072e72b8655ab) Importer(815301076,1909f56bfc062723c751e8b465ee728b)
Start importing Assets/Scenes/SampleScene.unity using Guid(9fc0d4010bbf28b4594072e72b8655ab) Importer(815301076,1909f56bfc062723c751e8b465ee728b)  -> (artifact id: '0f1b50fec467dd2c5804fb764ef46dac') in 0.008181 seconds 
========================================================================
Received Import Request.
  Time since last request: 8.477890 seconds.
  path: Assets/Scenes/Title Screen.unity
  artifactKey: Guid(f580e3545d28ef94c9c7f7696d2b7c1f) Importer(815301076,1909f56bfc062723c751e8b465ee728b)
Start importing Assets/Scenes/Title Screen.unity using Guid(f580e3545d28ef94c9c7f7696d2b7c1f) Importer(815301076,1909f56bfc062723c751e8b465ee728b)  -> (artifact id: 'd4a9f89181b1e7830aa2cb361dcacc40') in 0.001785 seconds 
========================================================================
Received Import Request.
  Time since last request: 40.780992 seconds.
  path: Assets/Examples/Cube.prefab
  artifactKey: Guid(86232f43ed7fd4fc5a9098ccda13d2ef) Importer(815301076,1909f56bfc062723c751e8b465ee728b)
Start importing Assets/Examples/Cube.prefab using Guid(86232f43ed7fd4fc5a9098ccda13d2ef) Importer(815301076,1909f56bfc062723c751e8b465ee728b)  -> (artifact id: '6c9cc7bfc706c4118eda0edd0348319f') in 0.104908 seconds 
========================================================================
Received Import Request.
  Time since last request: 0.000324 seconds.
  path: Assets/Examples/NavMeshComponentsExamples.asmdef
  artifactKey: Guid(62b574997e92efd41a8a1109157a0cb5) Importer(815301076,1909f56bfc062723c751e8b465ee728b)
Start importing Assets/Examples/NavMeshComponentsExamples.asmdef using Guid(62b574997e92efd41a8a1109157a0cb5) Importer(815301076,1909f56bfc062723c751e8b465ee728b)  -> (artifact id: '45d5f75e6f60930b0a3b13a821875ad8') in 0.002659 seconds 
========================================================================
Received Import Request.
  Time since last request: 47.099264 seconds.
  path: Assets/StartMenu.png
  artifactKey: Guid(ae11d11104548e845a3e5e423b360c98) Importer(815301076,1909f56bfc062723c751e8b465ee728b)
Start importing Assets/StartMenu.png using Guid(ae11d11104548e845a3e5e423b360c98) Importer(815301076,1909f56bfc062723c751e8b465ee728b)  -> (artifact id: '126aff8f398e44f787c7ca0585bf49da') in 0.055130 seconds 
========================================================================
Received Import Request.
  Time since last request: 9.977060 seconds.
  path: Assets/StartMenu.png
  artifactKey: Guid(ae11d11104548e845a3e5e423b360c98) Importer(815301076,1909f56bfc062723c751e8b465ee728b)
Start importing Assets/StartMenu.png using Guid(ae11d11104548e845a3e5e423b360c98) Importer(815301076,1909f56bfc062723c751e8b465ee728b)  -> (artifact id: 'bc1a8ed40071edacc00a43eed3bf6afd') in 0.020550 seconds 
========================================================================
Received Prepare
Registering precompiled user dll's ...
Registered in 0.003596 seconds.
Begin MonoManager ReloadAssembly
Native extension for WindowsStandalone target not found
Refreshing native plugins compatible for Editor in 0.44 ms, found 2 plugins.
Preloading 0 native plugins for Editor in 0.00 ms.
Mono: successfully reloaded assembly
- Completed reload, in  0.938 seconds
Platform modules already initialized, skipping
Refreshing native plugins compatible for Editor in 0.26 ms, found 2 plugins.
Preloading 0 native plugins for Editor in 0.00 ms.
Unloading 1447 Unused Serialized files (Serialized files now loaded: 0)
System memory in use before: 93.3 MB.
System memory in use after: 93.4 MB.

Unloading 15 unused Assets to reduce memory usage. Loaded Objects now: 1974.
Total: 5.183300 ms (FindLiveObjects: 0.298700 ms CreateObjectMapping: 0.138300 ms MarkObjects: 4.568100 ms  DeleteObjects: 0.174400 ms)

========================================================================
Received Prepare
Registering precompiled user dll's ...
Registered in 0.003954 seconds.
Begin MonoManager ReloadAssembly
Native extension for WindowsStandalone target not found
Refreshing native plugins compatible for Editor in 0.33 ms, found 2 plugins.
Preloading 0 native plugins for Editor in 0.00 ms.
Mono: successfully reloaded assembly
- Completed reload, in  1.306 seconds
Platform modules already initialized, skipping
Refreshing native plugins compatible for Editor in 0.31 ms, found 2 plugins.
Preloading 0 native plugins for Editor in 0.00 ms.
Unloading 1446 Unused Serialized files (Serialized files now loaded: 0)
System memory in use before: 93.3 MB.
System memory in use after: 93.4 MB.

Unloading 14 unused Assets to reduce memory usage. Loaded Objects now: 1977.
Total: 2.081700 ms (FindLiveObjects: 0.153000 ms CreateObjectMapping: 0.059300 ms MarkObjects: 1.796500 ms  DeleteObjects: 0.071100 ms)

========================================================================
Received Prepare
Registering precompiled user dll's ...
Registered in 0.009385 seconds.
Begin MonoManager ReloadAssembly
Native extension for WindowsStandalone target not found
Refreshing native plugins compatible for Editor in 0.30 ms, found 2 plugins.
Preloading 0 native plugins for Editor in 0.00 ms.
Mono: successfully reloaded assembly
- Completed reload, in  0.923 seconds
Platform modules already initialized, skipping
Refreshing native plugins compatible for Editor in 0.27 ms, found 2 plugins.
Preloading 0 native plugins for Editor in 0.00 ms.
Unloading 1446 Unused Serialized files (Serialized files now loaded: 0)
System memory in use before: 93.3 MB.
System memory in use after: 93.4 MB.

Unloading 14 unused Assets to reduce memory usage. Loaded Objects now: 1980.
Total: 2.021200 ms (FindLiveObjects: 0.145400 ms CreateObjectMapping: 0.051500 ms MarkObjects: 1.771300 ms  DeleteObjects: 0.051900 ms)

========================================================================
Received Prepare
Registering precompiled user dll's ...
Registered in 0.004708 seconds.
Begin MonoManager ReloadAssembly
Native extension for WindowsStandalone target not found
Refreshing native plugins compatible for Editor in 0.30 ms, found 2 plugins.
Preloading 0 native plugins for Editor in 0.00 ms.
Mono: successfully reloaded assembly
- Completed reload, in  1.006 seconds
Platform modules already initialized, skipping
Refreshing native plugins compatible for Editor in 0.28 ms, found 2 plugins.
Preloading 0 native plugins for Editor in 0.00 ms.
Unloading 1446 Unused Serialized files (Serialized files now loaded: 0)
System memory in use before: 93.3 MB.
System memory in use after: 93.4 MB.

Unloading 14 unused Assets to reduce memory usage. Loaded Objects now: 1983.
Total: 2.262100 ms (FindLiveObjects: 0.155800 ms CreateObjectMapping: 0.045400 ms MarkObjects: 1.968400 ms  DeleteObjects: 0.091900 ms)

========================================================================
Received Prepare
Registering precompiled user dll's ...
Registered in 0.002981 seconds.
Begin MonoManager ReloadAssembly
Native extension for WindowsStandalone target not found
Refreshing native plugins compatible for Editor in 0.27 ms, found 2 plugins.
Preloading 0 native plugins for Editor in 0.00 ms.
Mono: successfully reloaded assembly
- Completed reload, in  0.886 seconds
Platform modules already initialized, skipping
Refreshing native plugins compatible for Editor in 0.26 ms, found 2 plugins.
Preloading 0 native plugins for Editor in 0.00 ms.
Unloading 1446 Unused Serialized files (Serialized files now loaded: 0)
System memory in use before: 93.3 MB.
System memory in use after: 93.4 MB.

Unloading 14 unused Assets to reduce memory usage. Loaded Objects now: 1986.
Total: 6.092400 ms (FindLiveObjects: 0.325500 ms CreateObjectMapping: 0.165400 ms MarkObjects: 5.404200 ms  DeleteObjects: 0.193900 ms)

========================================================================
Received Prepare
Registering precompiled user dll's ...
Registered in 0.003990 seconds.
Begin MonoManager ReloadAssembly
Native extension for WindowsStandalone target not found
Refreshing native plugins compatible for Editor in 0.29 ms, found 2 plugins.
Preloading 0 native plugins for Editor in 0.00 ms.
Mono: successfully reloaded assembly
- Completed reload, in  0.877 seconds
Platform modules already initialized, skipping
Refreshing native plugins compatible for Editor in 0.29 ms, found 2 plugins.
Preloading 0 native plugins for Editor in 0.00 ms.
Unloading 1446 Unused Serialized files (Serialized files now loaded: 0)
System memory in use before: 93.4 MB.
System memory in use after: 93.4 MB.

Unloading 14 unused Assets to reduce memory usage. Loaded Objects now: 1989.
Total: 2.721500 ms (FindLiveObjects: 0.179500 ms CreateObjectMapping: 0.340300 ms MarkObjects: 2.139900 ms  DeleteObjects: 0.060100 ms)

========================================================================
Received Prepare
Registering precompiled user dll's ...
Registered in 0.003127 seconds.
Begin MonoManager ReloadAssembly
Native extension for WindowsStandalone target not found
Refreshing native plugins compatible for Editor in 0.30 ms, found 2 plugins.
Preloading 0 native plugins for Editor in 0.00 ms.
Mono: successfully reloaded assembly
- Completed reload, in  0.847 seconds
Platform modules already initialized, skipping
Refreshing native plugins compatible for Editor in 0.26 ms, found 2 plugins.
Preloading 0 native plugins for Editor in 0.00 ms.
Unloading 1446 Unused Serialized files (Serialized files now loaded: 0)
System memory in use before: 93.4 MB.
System memory in use after: 93.5 MB.

Unloading 14 unused Assets to reduce memory usage. Loaded Objects now: 1992.
Total: 1.945200 ms (FindLiveObjects: 0.128800 ms CreateObjectMapping: 0.041000 ms MarkObjects: 1.681300 ms  DeleteObjects: 0.093100 ms)

========================================================================
Received Prepare
Registering precompiled user dll's ...
Registered in 0.003243 seconds.
Begin MonoManager ReloadAssembly
Native extension for WindowsStandalone target not found
Refreshing native plugins compatible for Editor in 0.31 ms, found 2 plugins.
Preloading 0 native plugins for Editor in 0.00 ms.
Mono: successfully reloaded assembly
- Completed reload, in  0.888 seconds
Platform modules already initialized, skipping
Refreshing native plugins compatible for Editor in 0.39 ms, found 2 plugins.
Preloading 0 native plugins for Editor in 0.00 ms.
Unloading 1446 Unused Serialized files (Serialized files now loaded: 0)
System memory in use before: 93.4 MB.
System memory in use after: 93.5 MB.

Unloading 14 unused Assets to reduce memory usage. Loaded Objects now: 1995.
Total: 1.826800 ms (FindLiveObjects: 0.120600 ms CreateObjectMapping: 0.040800 ms MarkObjects: 1.604600 ms  DeleteObjects: 0.059600 ms)

========================================================================
Received Import Request.
  Time since last request: 3476.528873 seconds.
  path: Assets/Prefabs/Rooms Prefabs/B.prefab
  artifactKey: Guid(f05ed14a8e738bf498d7a575dcdf864d) Importer(815301076,1909f56bfc062723c751e8b465ee728b)
Start importing Assets/Prefabs/Rooms Prefabs/B.prefab using Guid(f05ed14a8e738bf498d7a575dcdf864d) Importer(815301076,1909f56bfc062723c751e8b465ee728b)  -> (artifact id: '8afd71a328997677412a31d0aa781050') in 0.066898 seconds 
========================================================================
Received Import Request.
  Time since last request: 0.000590 seconds.
  path: Assets/Prefabs/Rooms Prefabs/LR hall.prefab
  artifactKey: Guid(7c3e050b5d4b8aa409e0d92b589d0831) Importer(815301076,1909f56bfc062723c751e8b465ee728b)
Start importing Assets/Prefabs/Rooms Prefabs/LR hall.prefab using Guid(7c3e050b5d4b8aa409e0d92b589d0831) Importer(815301076,1909f56bfc062723c751e8b465ee728b)  -> (artifact id: '07583c672e3fe196ec8176be8b522c72') in 0.012428 seconds 
========================================================================
Received Import Request.
  Time since last request: 0.000667 seconds.
  path: Assets/Prefabs/Rooms Prefabs/T.prefab
  artifactKey: Guid(74ee6c39037614a43b06db58a979666d) Importer(815301076,1909f56bfc062723c751e8b465ee728b)
Start importing Assets/Prefabs/Rooms Prefabs/T.prefab using Guid(74ee6c39037614a43b06db58a979666d) Importer(815301076,1909f56bfc062723c751e8b465ee728b)  -> (artifact id: '6b3147d3169b6ab797890c2b1faf5b75') in 0.012298 seconds 
========================================================================
Received Import Request.
  Time since last request: 0.000287 seconds.
  path: Assets/Prefabs/Rooms Prefabs/TR.prefab
  artifactKey: Guid(40f4b5bdd8ad8cd4ca80e094a47129a7) Importer(815301076,1909f56bfc062723c751e8b465ee728b)
Start importing Assets/Prefabs/Rooms Prefabs/TR.prefab using Guid(40f4b5bdd8ad8cd4ca80e094a47129a7) Importer(815301076,1909f56bfc062723c751e8b465ee728b)  -> (artifact id: 'f04a5ef0c98229beaee7a4571fa14e4d') in 0.009639 seconds 
========================================================================
Received Import Request.
  Time since last request: 0.000323 seconds.
  path: Assets/Prefabs/Rooms Prefabs/EntryPoint.prefab
  artifactKey: Guid(c361bf9dba7f0484cb9eb2d96045eeca) Importer(815301076,1909f56bfc062723c751e8b465ee728b)
Start importing Assets/Prefabs/Rooms Prefabs/EntryPoint.prefab using Guid(c361bf9dba7f0484cb9eb2d96045eeca) Importer(815301076,1909f56bfc062723c751e8b465ee728b)  -> (artifact id: '845f12d34d7456c404abe418a4f4f267') in 0.010628 seconds 
========================================================================
Received Import Request.
  Time since last request: 0.000300 seconds.
  path: Assets/Prefabs/Rooms Prefabs/BL hall.prefab
  artifactKey: Guid(853d668fdcb8dd745bdb6c8b0ae7f3d9) Importer(815301076,1909f56bfc062723c751e8b465ee728b)
Start importing Assets/Prefabs/Rooms Prefabs/BL hall.prefab using Guid(853d668fdcb8dd745bdb6c8b0ae7f3d9) Importer(815301076,1909f56bfc062723c751e8b465ee728b)  -> (artifact id: 'ad590053f9ecd51305d0711d12a66157') in 0.008464 seconds 
========================================================================
Received Import Request.
  Time since last request: 0.000288 seconds.
  path: Assets/Prefabs/Rooms Prefabs/TB hall.prefab
  artifactKey: Guid(beb83596512edd844a3013d7125b071e) Importer(815301076,1909f56bfc062723c751e8b465ee728b)
Start importing Assets/Prefabs/Rooms Prefabs/TB hall.prefab using Guid(beb83596512edd844a3013d7125b071e) Importer(815301076,1909f56bfc062723c751e8b465ee728b)  -> (artifact id: 'e0a534cfbdb30588963c271de51a854e') in 0.009997 seconds 
========================================================================
Received Import Request.
  Time since last request: 0.000212 seconds.
  path: Assets/Prefabs/Rooms Prefabs/BR hall.prefab
  artifactKey: Guid(f8e05f7ff94fe344b832de6e97e7f1c6) Importer(815301076,1909f56bfc062723c751e8b465ee728b)
Start importing Assets/Prefabs/Rooms Prefabs/BR hall.prefab using Guid(f8e05f7ff94fe344b832de6e97e7f1c6) Importer(815301076,1909f56bfc062723c751e8b465ee728b)  -> (artifact id: '19ad902c1c23c2027159815cc8046f06') in 0.009448 seconds 
========================================================================
Received Import Request.
  Time since last request: 0.000383 seconds.
  path: Assets/Prefabs/Rooms Prefabs/Blockade.prefab
  artifactKey: Guid(5099fddd0c0b8e84ab165a10d0e1571c) Importer(815301076,1909f56bfc062723c751e8b465ee728b)
Start importing Assets/Prefabs/Rooms Prefabs/Blockade.prefab using Guid(5099fddd0c0b8e84ab165a10d0e1571c) Importer(815301076,1909f56bfc062723c751e8b465ee728b)  -> (artifact id: '5ccaa3aabf2f09d926fcb97fa8f25dce') in 0.007648 seconds 
========================================================================
Received Import Request.
  Time since last request: 0.000205 seconds.
  path: Assets/Prefabs/Rooms Prefabs/R.prefab
  artifactKey: Guid(863c976197c30de49af43d95c1ff3831) Importer(815301076,1909f56bfc062723c751e8b465ee728b)
Start importing Assets/Prefabs/Rooms Prefabs/R.prefab using Guid(863c976197c30de49af43d95c1ff3831) Importer(815301076,1909f56bfc062723c751e8b465ee728b)  -> (artifact id: 'fcffa08e88a86cc753e9702a81ac9a6c') in 0.011872 seconds 
========================================================================
Received Import Request.
  Time since last request: 0.000213 seconds.
  path: Assets/Prefabs/Rooms Prefabs/TR hall .prefab
  artifactKey: Guid(0d17fdff145665b4e86c119c0823fbb6) Importer(815301076,1909f56bfc062723c751e8b465ee728b)
Start importing Assets/Prefabs/Rooms Prefabs/TR hall .prefab using Guid(0d17fdff145665b4e86c119c0823fbb6) Importer(815301076,1909f56bfc062723c751e8b465ee728b)  -> (artifact id: 'aaebfd01f61cfd1e1e1061196f4a0603') in 0.009033 seconds 
========================================================================
Received Import Request.
  Time since last request: 0.000217 seconds.
  path: Assets/Prefabs/Rooms Prefabs/LR.prefab
  artifactKey: Guid(c58ce29e092ff6f4180527ac5e5f06d5) Importer(815301076,1909f56bfc062723c751e8b465ee728b)
Start importing Assets/Prefabs/Rooms Prefabs/LR.prefab using Guid(c58ce29e092ff6f4180527ac5e5f06d5) Importer(815301076,1909f56bfc062723c751e8b465ee728b)  -> (artifact id: '7094706b0d20dbce4fb9a45a25f90b4a') in 0.010253 seconds 
========================================================================
Received Import Request.
  Time since last request: 0.000362 seconds.
  path: Assets/Prefabs/Rooms Prefabs/BL.prefab
  artifactKey: Guid(2e5b75fbe4cc64543bd0a061b75f65bb) Importer(815301076,1909f56bfc062723c751e8b465ee728b)
Start importing Assets/Prefabs/Rooms Prefabs/BL.prefab using Guid(2e5b75fbe4cc64543bd0a061b75f65bb) Importer(815301076,1909f56bfc062723c751e8b465ee728b)  -> (artifact id: '0440d155e175c241c4469e170399de5e') in 0.009994 seconds 
========================================================================
Received Import Request.
  Time since last request: 0.000307 seconds.
  path: Assets/Prefabs/Rooms Prefabs/TB.prefab
  artifactKey: Guid(17ae2da2016e0394483d91d18cded2eb) Importer(815301076,1909f56bfc062723c751e8b465ee728b)
Start importing Assets/Prefabs/Rooms Prefabs/TB.prefab using Guid(17ae2da2016e0394483d91d18cded2eb) Importer(815301076,1909f56bfc062723c751e8b465ee728b)  -> (artifact id: '0855ce991b196f5839b9ade5e0b3ea97') in 0.010781 seconds 
========================================================================
Received Import Request.
  Time since last request: 0.000207 seconds.
  path: Assets/Prefabs/Rooms Prefabs/TL.prefab
  artifactKey: Guid(b40822135a6f4564ca0e3515f48c5b3d) Importer(815301076,1909f56bfc062723c751e8b465ee728b)
Start importing Assets/Prefabs/Rooms Prefabs/TL.prefab using Guid(b40822135a6f4564ca0e3515f48c5b3d) Importer(815301076,1909f56bfc062723c751e8b465ee728b)  -> (artifact id: '0a3e494fa7dd24dcce05a1910be4a4fd') in 0.009462 seconds 
========================================================================
Received Import Request.
  Time since last request: 0.000190 seconds.
  path: Assets/Prefabs/Rooms Prefabs/L.prefab
  artifactKey: Guid(c9541e1ead87ce445ade99d69069206a) Importer(815301076,1909f56bfc062723c751e8b465ee728b)
Start importing Assets/Prefabs/Rooms Prefabs/L.prefab using Guid(c9541e1ead87ce445ade99d69069206a) Importer(815301076,1909f56bfc062723c751e8b465ee728b)  -> (artifact id: '90bf1724fe12d50ba29c6fcf4a10342f') in 0.008607 seconds 
========================================================================
Received Import Request.
  Time since last request: 0.000243 seconds.
  path: Assets/Prefabs/Rooms Prefabs/TL hall .prefab
  artifactKey: Guid(636398a231347c04fb41e643bd78f85e) Importer(815301076,1909f56bfc062723c751e8b465ee728b)
Start importing Assets/Prefabs/Rooms Prefabs/TL hall .prefab using Guid(636398a231347c04fb41e643bd78f85e) Importer(815301076,1909f56bfc062723c751e8b465ee728b)  -> (artifact id: '4f6026b3d3f9cfdef50cacfe2d5b0657') in 0.009404 seconds 
========================================================================
Received Import Request.
  Time since last request: 0.000298 seconds.
  path: Assets/Prefabs/Rooms Prefabs/BR.prefab
  artifactKey: Guid(2f3a3371230c45944b3110d8cfaeadcf) Importer(815301076,1909f56bfc062723c751e8b465ee728b)
Start importing Assets/Prefabs/Rooms Prefabs/BR.prefab using Guid(2f3a3371230c45944b3110d8cfaeadcf) Importer(815301076,1909f56bfc062723c751e8b465ee728b)  -> (artifact id: 'ffe3888fdc1d023ca7da6fc6210f1da4') in 0.008712 seconds 
========================================================================
Received Import Request.
  Time since last request: 1.149078 seconds.
  path: Assets/Scripts
  artifactKey: Guid(06c549dd2795fd547a4fce591e9e4e50) Importer(815301076,1909f56bfc062723c751e8b465ee728b)
Start importing Assets/Scripts using Guid(06c549dd2795fd547a4fce591e9e4e50) Importer(815301076,1909f56bfc062723c751e8b465ee728b)  -> (artifact id: '1f9a44ffe0e4e7e2c30dbee87acafa8a') in 0.001641 seconds 
========================================================================
Received Import Request.
  Time since last request: 13.644878 seconds.
  path: Assets/Scripts/TitleMenu.cs
  artifactKey: Guid(27edb8f954701e94dab80889e7e8b2b4) Importer(815301076,1909f56bfc062723c751e8b465ee728b)
Start importing Assets/Scripts/TitleMenu.cs using Guid(27edb8f954701e94dab80889e7e8b2b4) Importer(815301076,1909f56bfc062723c751e8b465ee728b)  -> (artifact id: '1f3a4c8ef873d00a9b53cc2f62829650') in 0.013743 seconds 
========================================================================
Received Prepare
Registering precompiled user dll's ...
Registered in 0.003091 seconds.
Begin MonoManager ReloadAssembly
Native extension for WindowsStandalone target not found
Refreshing native plugins compatible for Editor in 0.27 ms, found 2 plugins.
Preloading 0 native plugins for Editor in 0.00 ms.
Mono: successfully reloaded assembly
- Completed reload, in  0.966 seconds
Platform modules already initialized, skipping
Refreshing native plugins compatible for Editor in 0.28 ms, found 2 plugins.
Preloading 0 native plugins for Editor in 0.00 ms.
Unloading 1447 Unused Serialized files (Serialized files now loaded: 0)
System memory in use before: 93.6 MB.
System memory in use after: 93.7 MB.

Unloading 14 unused Assets to reduce memory usage. Loaded Objects now: 2000.
Total: 2.070400 ms (FindLiveObjects: 0.167800 ms CreateObjectMapping: 0.146900 ms MarkObjects: 1.694600 ms  DeleteObjects: 0.059800 ms)

========================================================================
Received Import Request.
  Time since last request: 102.786856 seconds.
  path: Assets/Scripts/TitleMenu.cs
  artifactKey: Guid(27edb8f954701e94dab80889e7e8b2b4) Importer(815301076,1909f56bfc062723c751e8b465ee728b)
Start importing Assets/Scripts/TitleMenu.cs using Guid(27edb8f954701e94dab80889e7e8b2b4) Importer(815301076,1909f56bfc062723c751e8b465ee728b)  -> (artifact id: '30dfa6760b988b909495c428d75abf9d') in 0.004849 seconds 
========================================================================
Received Prepare
Registering precompiled user dll's ...
Registered in 0.003087 seconds.
Begin MonoManager ReloadAssembly
Native extension for WindowsStandalone target not found
Refreshing native plugins compatible for Editor in 0.32 ms, found 2 plugins.
Preloading 0 native plugins for Editor in 0.00 ms.
Mono: successfully reloaded assembly
- Completed reload, in  0.886 seconds
Platform modules already initialized, skipping
Refreshing native plugins compatible for Editor in 0.27 ms, found 2 plugins.
Preloading 0 native plugins for Editor in 0.00 ms.
Unloading 1447 Unused Serialized files (Serialized files now loaded: 0)
System memory in use before: 93.6 MB.
System memory in use after: 93.7 MB.

Unloading 14 unused Assets to reduce memory usage. Loaded Objects now: 2003.
Total: 2.954300 ms (FindLiveObjects: 0.239600 ms CreateObjectMapping: 0.912000 ms MarkObjects: 1.709200 ms  DeleteObjects: 0.092200 ms)

========================================================================
Received Import Request.
  Time since last request: 29.590042 seconds.
  path: Assets/Scripts/TitleMenu.cs
  artifactKey: Guid(27edb8f954701e94dab80889e7e8b2b4) Importer(815301076,1909f56bfc062723c751e8b465ee728b)
Start importing Assets/Scripts/TitleMenu.cs using Guid(27edb8f954701e94dab80889e7e8b2b4) Importer(815301076,1909f56bfc062723c751e8b465ee728b)  -> (artifact id: 'df1dbbea2158351100f989548d6995dd') in 0.003555 seconds 
========================================================================
Received Prepare
Registering precompiled user dll's ...
Registered in 0.003556 seconds.
Begin MonoManager ReloadAssembly
Native extension for WindowsStandalone target not found
Refreshing native plugins compatible for Editor in 0.40 ms, found 2 plugins.
Preloading 0 native plugins for Editor in 0.00 ms.
Mono: successfully reloaded assembly
- Completed reload, in  0.869 seconds
Platform modules already initialized, skipping
Refreshing native plugins compatible for Editor in 0.26 ms, found 2 plugins.
Preloading 0 native plugins for Editor in 0.00 ms.
Unloading 1447 Unused Serialized files (Serialized files now loaded: 0)
System memory in use before: 93.6 MB.
System memory in use after: 93.7 MB.

Unloading 14 unused Assets to reduce memory usage. Loaded Objects now: 2006.
Total: 1.925800 ms (FindLiveObjects: 0.126100 ms CreateObjectMapping: 0.042000 ms MarkObjects: 1.667300 ms  DeleteObjects: 0.089500 ms)

========================================================================
Received Prepare
Registering precompiled user dll's ...
Registered in 0.003037 seconds.
Begin MonoManager ReloadAssembly
Native extension for WindowsStandalone target not found
Refreshing native plugins compatible for Editor in 0.27 ms, found 2 plugins.
Preloading 0 native plugins for Editor in 0.00 ms.
Mono: successfully reloaded assembly
- Completed reload, in  1.104 seconds
Platform modules already initialized, skipping
Refreshing native plugins compatible for Editor in 0.27 ms, found 2 plugins.
Preloading 0 native plugins for Editor in 0.00 ms.
Unloading 1447 Unused Serialized files (Serialized files now loaded: 0)
System memory in use before: 93.6 MB.
System memory in use after: 93.7 MB.

Unloading 14 unused Assets to reduce memory usage. Loaded Objects now: 2009.
Total: 2.294500 ms (FindLiveObjects: 0.143200 ms CreateObjectMapping: 0.046300 ms MarkObjects: 2.026900 ms  DeleteObjects: 0.077000 ms)

========================================================================
Received Prepare
Registering precompiled user dll's ...
Registered in 0.002995 seconds.
Begin MonoManager ReloadAssembly
Native extension for WindowsStandalone target not found
Refreshing native plugins compatible for Editor in 0.27 ms, found 2 plugins.
Preloading 0 native plugins for Editor in 0.00 ms.
Mono: successfully reloaded assembly
- Completed reload, in  0.822 seconds
Platform modules already initialized, skipping
Refreshing native plugins compatible for Editor in 0.28 ms, found 2 plugins.
Preloading 0 native plugins for Editor in 0.00 ms.
Unloading 1447 Unused Serialized files (Serialized files now loaded: 0)
System memory in use before: 93.6 MB.
System memory in use after: 93.7 MB.

Unloading 14 unused Assets to reduce memory usage. Loaded Objects now: 2012.
Total: 1.973900 ms (FindLiveObjects: 0.137300 ms CreateObjectMapping: 0.047300 ms MarkObjects: 1.694700 ms  DeleteObjects: 0.093400 ms)

========================================================================
Received Import Request.
  Time since last request: 1901.906187 seconds.
  path: Assets/Scripts/TitleMenu.cs
  artifactKey: Guid(27edb8f954701e94dab80889e7e8b2b4) Importer(815301076,1909f56bfc062723c751e8b465ee728b)
Start importing Assets/Scripts/TitleMenu.cs using Guid(27edb8f954701e94dab80889e7e8b2b4) Importer(815301076,1909f56bfc062723c751e8b465ee728b)  -> (artifact id: '3bdf3828db029f40a10239ef6beb88be') in 0.003428 seconds 
========================================================================
Received Import Request.
  Time since last request: 0.000326 seconds.
  path: Assets/Tests/NavMeshComponentsTestsPlaymode.asmdef
  artifactKey: Guid(455cd750f394b1c41b963b3335eae29c) Importer(815301076,1909f56bfc062723c751e8b465ee728b)
Start importing Assets/Tests/NavMeshComponentsTestsPlaymode.asmdef using Guid(455cd750f394b1c41b963b3335eae29c) Importer(815301076,1909f56bfc062723c751e8b465ee728b)  -> (artifact id: '43872593d13151ef2fd45c382d116df2') in 0.001642 seconds 
========================================================================
Received Prepare
Registering precompiled user dll's ...
Registered in 0.003624 seconds.
Begin MonoManager ReloadAssembly
Native extension for WindowsStandalone target not found
Refreshing native plugins compatible for Editor in 0.41 ms, found 2 plugins.
Preloading 0 native plugins for Editor in 0.00 ms.
Mono: successfully reloaded assembly
- Completed reload, in  0.867 seconds
Platform modules already initialized, skipping
Refreshing native plugins compatible for Editor in 0.32 ms, found 2 plugins.
Preloading 0 native plugins for Editor in 0.00 ms.
Unloading 1447 Unused Serialized files (Serialized files now loaded: 0)
System memory in use before: 93.6 MB.
System memory in use after: 93.7 MB.

Unloading 14 unused Assets to reduce memory usage. Loaded Objects now: 2015.
Total: 5.020700 ms (FindLiveObjects: 0.322000 ms CreateObjectMapping: 0.155300 ms MarkObjects: 4.412300 ms  DeleteObjects: 0.128400 ms)

========================================================================
Received Import Request.
  Time since last request: 54.307157 seconds.
  path: Assets/Scenes/Title Screen.unity
  artifactKey: Guid(f580e3545d28ef94c9c7f7696d2b7c1f) Importer(815301076,1909f56bfc062723c751e8b465ee728b)
Start importing Assets/Scenes/Title Screen.unity using Guid(f580e3545d28ef94c9c7f7696d2b7c1f) Importer(815301076,1909f56bfc062723c751e8b465ee728b)  -> (artifact id: 'd2a146a331607d2da550e9d1412e7d3c') in 0.009744 seconds 
========================================================================
Received Prepare
Registering precompiled user dll's ...
Registered in 0.004037 seconds.
Begin MonoManager ReloadAssembly
Native extension for WindowsStandalone target not found
Refreshing native plugins compatible for Editor in 0.33 ms, found 2 plugins.
Preloading 0 native plugins for Editor in 0.00 ms.
Mono: successfully reloaded assembly
- Completed reload, in  0.990 seconds
Platform modules already initialized, skipping
Refreshing native plugins compatible for Editor in 0.29 ms, found 2 plugins.
Preloading 0 native plugins for Editor in 0.00 ms.
Unloading 1447 Unused Serialized files (Serialized files now loaded: 0)
System memory in use before: 93.6 MB.
System memory in use after: 93.7 MB.

Unloading 14 unused Assets to reduce memory usage. Loaded Objects now: 2018.
Total: 2.347400 ms (FindLiveObjects: 0.185700 ms CreateObjectMapping: 0.083100 ms MarkObjects: 2.009300 ms  DeleteObjects: 0.068000 ms)

========================================================================
Received Import Request.
  Time since last request: 2382.048683 seconds.
  path: Assets/Scripts/TitleMenu.cs
  artifactKey: Guid(27edb8f954701e94dab80889e7e8b2b4) Importer(815301076,1909f56bfc062723c751e8b465ee728b)
Start importing Assets/Scripts/TitleMenu.cs using Guid(27edb8f954701e94dab80889e7e8b2b4) Importer(815301076,1909f56bfc062723c751e8b465ee728b)  -> (artifact id: '22a78e8a069bec93511547d2fbe844a9') in 0.013649 seconds 
========================================================================
Received Prepare
Registering precompiled user dll's ...
Registered in 0.031795 seconds.
Begin MonoManager ReloadAssembly
Native extension for WindowsStandalone target not found
Refreshing native plugins compatible for Editor in 0.33 ms, found 2 plugins.
Preloading 0 native plugins for Editor in 0.00 ms.
Mono: successfully reloaded assembly
- Completed reload, in  0.867 seconds
Platform modules already initialized, skipping
Refreshing native plugins compatible for Editor in 0.28 ms, found 2 plugins.
Preloading 0 native plugins for Editor in 0.00 ms.
Unloading 1447 Unused Serialized files (Serialized files now loaded: 0)
System memory in use before: 93.6 MB.
System memory in use after: 93.7 MB.

Unloading 14 unused Assets to reduce memory usage. Loaded Objects now: 2021.
Total: 1.946600 ms (FindLiveObjects: 0.141100 ms CreateObjectMapping: 0.045000 ms MarkObjects: 1.669000 ms  DeleteObjects: 0.090800 ms)

========================================================================
Received Prepare
Registering precompiled user dll's ...
Registered in 0.003191 seconds.
Begin MonoManager ReloadAssembly
Native extension for WindowsStandalone target not found
Refreshing native plugins compatible for Editor in 0.36 ms, found 2 plugins.
Preloading 0 native plugins for Editor in 0.00 ms.
Mono: successfully reloaded assembly
- Completed reload, in  0.864 seconds
Platform modules already initialized, skipping
Refreshing native plugins compatible for Editor in 0.27 ms, found 2 plugins.
Preloading 0 native plugins for Editor in 0.00 ms.
Unloading 1447 Unused Serialized files (Serialized files now loaded: 0)
System memory in use before: 93.6 MB.
System memory in use after: 93.7 MB.

Unloading 14 unused Assets to reduce memory usage. Loaded Objects now: 2024.
Total: 2.290800 ms (FindLiveObjects: 0.242800 ms CreateObjectMapping: 0.229700 ms MarkObjects: 1.763600 ms  DeleteObjects: 0.053700 ms)

========================================================================
Received Import Request.
  Time since last request: 330.160752 seconds.
  path: Assets/Scripts/TitleMenu.cs
  artifactKey: Guid(27edb8f954701e94dab80889e7e8b2b4) Importer(815301076,1909f56bfc062723c751e8b465ee728b)
Start importing Assets/Scripts/TitleMenu.cs using Guid(27edb8f954701e94dab80889e7e8b2b4) Importer(815301076,1909f56bfc062723c751e8b465ee728b)  -> (artifact id: '0f3b4110fefe4cfb54484e01c40adbf5') in 0.003016 seconds 
========================================================================
Received Prepare
Registering precompiled user dll's ...
Registered in 0.002980 seconds.
Begin MonoManager ReloadAssembly
Native extension for WindowsStandalone target not found
Refreshing native plugins compatible for Editor in 0.30 ms, found 2 plugins.
Preloading 0 native plugins for Editor in 0.00 ms.
Mono: successfully reloaded assembly
- Completed reload, in  0.946 seconds
Platform modules already initialized, skipping
Refreshing native plugins compatible for Editor in 0.27 ms, found 2 plugins.
Preloading 0 native plugins for Editor in 0.00 ms.
Unloading 1447 Unused Serialized files (Serialized files now loaded: 0)
System memory in use before: 93.7 MB.
System memory in use after: 93.7 MB.

Unloading 14 unused Assets to reduce memory usage. Loaded Objects now: 2027.
Total: 2.436600 ms (FindLiveObjects: 0.147700 ms CreateObjectMapping: 0.052200 ms MarkObjects: 2.150500 ms  DeleteObjects: 0.085000 ms)

========================================================================
Received Import Request.
  Time since last request: 139.734438 seconds.
  path: Assets/Scripts/TitleMenu.cs
  artifactKey: Guid(27edb8f954701e94dab80889e7e8b2b4) Importer(815301076,1909f56bfc062723c751e8b465ee728b)
Start importing Assets/Scripts/TitleMenu.cs using Guid(27edb8f954701e94dab80889e7e8b2b4) Importer(815301076,1909f56bfc062723c751e8b465ee728b)  -> (artifact id: '08984359c23d6947cc8ffd5317c41706') in 0.003547 seconds 
========================================================================
Received Prepare
Registering precompiled user dll's ...
Registered in 0.002742 seconds.
Begin MonoManager ReloadAssembly
Native extension for WindowsStandalone target not found
Refreshing native plugins compatible for Editor in 0.27 ms, found 2 plugins.
Preloading 0 native plugins for Editor in 0.00 ms.
Mono: successfully reloaded assembly
- Completed reload, in  0.842 seconds
Platform modules already initialized, skipping
Refreshing native plugins compatible for Editor in 0.29 ms, found 2 plugins.
Preloading 0 native plugins for Editor in 0.00 ms.
Unloading 1447 Unused Serialized files (Serialized files now loaded: 0)
System memory in use before: 93.7 MB.
System memory in use after: 93.7 MB.

Unloading 14 unused Assets to reduce memory usage. Loaded Objects now: 2030.
Total: 1.889200 ms (FindLiveObjects: 0.294100 ms CreateObjectMapping: 0.058600 ms MarkObjects: 1.477500 ms  DeleteObjects: 0.058100 ms)

========================================================================
Received Prepare
Registering precompiled user dll's ...
Registered in 0.003413 seconds.
Begin MonoManager ReloadAssembly
Native extension for WindowsStandalone target not found
Refreshing native plugins compatible for Editor in 0.29 ms, found 2 plugins.
Preloading 0 native plugins for Editor in 0.00 ms.
Mono: successfully reloaded assembly
- Completed reload, in  0.850 seconds
Platform modules already initialized, skipping
Refreshing native plugins compatible for Editor in 0.26 ms, found 2 plugins.
Preloading 0 native plugins for Editor in 0.00 ms.
Unloading 1447 Unused Serialized files (Serialized files now loaded: 0)
System memory in use before: 93.7 MB.
System memory in use after: 93.7 MB.

Unloading 14 unused Assets to reduce memory usage. Loaded Objects now: 2033.
Total: 3.009300 ms (FindLiveObjects: 0.305600 ms CreateObjectMapping: 0.173400 ms MarkObjects: 2.456200 ms  DeleteObjects: 0.072400 ms)

========================================================================
Received Prepare
Registering precompiled user dll's ...
Registered in 0.003282 seconds.
Begin MonoManager ReloadAssembly
Native extension for WindowsStandalone target not found
Refreshing native plugins compatible for Editor in 0.27 ms, found 2 plugins.
Preloading 0 native plugins for Editor in 0.00 ms.
Mono: successfully reloaded assembly
- Completed reload, in  0.829 seconds
Platform modules already initialized, skipping
Refreshing native plugins compatible for Editor in 0.27 ms, found 2 plugins.
Preloading 0 native plugins for Editor in 0.00 ms.
Unloading 1447 Unused Serialized files (Serialized files now loaded: 0)
System memory in use before: 93.7 MB.
System memory in use after: 93.8 MB.

Unloading 14 unused Assets to reduce memory usage. Loaded Objects now: 2036.
Total: 1.781200 ms (FindLiveObjects: 0.143000 ms CreateObjectMapping: 0.045400 ms MarkObjects: 1.535600 ms  DeleteObjects: 0.055900 ms)

========================================================================
Received Import Request.
  Time since last request: 306.312991 seconds.
  path: Assets/Scripts/TitleMenu.cs
  artifactKey: Guid(27edb8f954701e94dab80889e7e8b2b4) Importer(815301076,1909f56bfc062723c751e8b465ee728b)
Start importing Assets/Scripts/TitleMenu.cs using Guid(27edb8f954701e94dab80889e7e8b2b4) Importer(815301076,1909f56bfc062723c751e8b465ee728b)  -> (artifact id: '9b8907a4a0ebacf9620f85b60deca128') in 0.003123 seconds 
========================================================================
Received Prepare
Registering precompiled user dll's ...
Registered in 0.002793 seconds.
Begin MonoManager ReloadAssembly
Native extension for WindowsStandalone target not found
Refreshing native plugins compatible for Editor in 0.27 ms, found 2 plugins.
Preloading 0 native plugins for Editor in 0.00 ms.
Mono: successfully reloaded assembly
- Completed reload, in  0.831 seconds
Platform modules already initialized, skipping
Refreshing native plugins compatible for Editor in 0.27 ms, found 2 plugins.
Preloading 0 native plugins for Editor in 0.00 ms.
Unloading 1447 Unused Serialized files (Serialized files now loaded: 0)
System memory in use before: 93.7 MB.
System memory in use after: 93.8 MB.

Unloading 14 unused Assets to reduce memory usage. Loaded Objects now: 2039.
Total: 2.083100 ms (FindLiveObjects: 0.222500 ms CreateObjectMapping: 0.115700 ms MarkObjects: 1.681100 ms  DeleteObjects: 0.062500 ms)

========================================================================
Received Import Request.
  Time since last request: 67.713170 seconds.
  path: Assets/Scripts/TitleMenu.cs
  artifactKey: Guid(27edb8f954701e94dab80889e7e8b2b4) Importer(815301076,1909f56bfc062723c751e8b465ee728b)
Start importing Assets/Scripts/TitleMenu.cs using Guid(27edb8f954701e94dab80889e7e8b2b4) Importer(815301076,1909f56bfc062723c751e8b465ee728b)  -> (artifact id: '2ea2f54f293f4fc4bbd6fe7fed23dfd9') in 0.002933 seconds 
========================================================================
Received Prepare
Registering precompiled user dll's ...
Registered in 0.002938 seconds.
Begin MonoManager ReloadAssembly
Native extension for WindowsStandalone target not found
Refreshing native plugins compatible for Editor in 0.28 ms, found 2 plugins.
Preloading 0 native plugins for Editor in 0.00 ms.
Mono: successfully reloaded assembly
- Completed reload, in  0.805 seconds
Platform modules already initialized, skipping
Refreshing native plugins compatible for Editor in 0.27 ms, found 2 plugins.
Preloading 0 native plugins for Editor in 0.00 ms.
Unloading 1447 Unused Serialized files (Serialized files now loaded: 0)
System memory in use before: 93.7 MB.
System memory in use after: 93.8 MB.

Unloading 14 unused Assets to reduce memory usage. Loaded Objects now: 2042.
Total: 5.353300 ms (FindLiveObjects: 0.331900 ms CreateObjectMapping: 0.155600 ms MarkObjects: 4.704700 ms  DeleteObjects: 0.158500 ms)

AssetImportWorkerClient::OnTransportError - code=2 error=End of file
